<?xml version="1.0" encoding="UTF-8"?>
<testsuite name="com.hello.jdbc1.service.MemberServiceV4Test" tests="4" skipped="0" failures="0" errors="0" timestamp="2022-12-14T01:20:57" hostname="MacBookPro-ej.local" time="0.187">
  <properties/>
  <testcase name="문법오류 테스트" classname="com.hello.jdbc1.service.MemberServiceV4Test" time="0.081"/>
  <testcase name="AopCheck()" classname="com.hello.jdbc1.service.MemberServiceV4Test" time="0.005"/>
  <testcase name="이체중 예외 발생" classname="com.hello.jdbc1.service.MemberServiceV4Test" time="0.059"/>
  <testcase name="정상 이체" classname="com.hello.jdbc1.service.MemberServiceV4Test" time="0.033"/>
  <system-out><![CDATA[2022-12-14 10:20:56.881  INFO 28324 --- [    Test worker] .b.t.c.SpringBootTestContextBootstrapper : Neither @ContextConfiguration nor @ContextHierarchy found for test class [com.hello.jdbc1.service.MemberServiceV4Test], using SpringBootContextLoader
2022-12-14 10:20:56.882  INFO 28324 --- [    Test worker] o.s.t.c.support.AbstractContextLoader    : Could not detect default resource locations for test class [com.hello.jdbc1.service.MemberServiceV4Test]: no resource found for suffixes {-context.xml, Context.groovy}.
2022-12-14 10:20:56.885  INFO 28324 --- [    Test worker] .b.t.c.SpringBootTestContextBootstrapper : Found @SpringBootConfiguration com.hello.jdbc1.Jdbc1Application for test class com.hello.jdbc1.service.MemberServiceV4Test
2022-12-14 10:20:56.889  INFO 28324 --- [    Test worker] .b.t.c.SpringBootTestContextBootstrapper : Loaded default TestExecutionListener class names from location [META-INF/spring.factories]: [org.springframework.boot.test.autoconfigure.restdocs.RestDocsTestExecutionListener, org.springframework.boot.test.autoconfigure.web.client.MockRestServiceServerResetTestExecutionListener, org.springframework.boot.test.autoconfigure.web.servlet.MockMvcPrintOnlyOnFailureTestExecutionListener, org.springframework.boot.test.autoconfigure.web.servlet.WebDriverTestExecutionListener, org.springframework.boot.test.autoconfigure.webservices.client.MockWebServiceServerTestExecutionListener, org.springframework.boot.test.mock.mockito.MockitoTestExecutionListener, org.springframework.boot.test.mock.mockito.ResetMocksTestExecutionListener, org.springframework.test.context.web.ServletTestExecutionListener, org.springframework.test.context.support.DirtiesContextBeforeModesTestExecutionListener, org.springframework.test.context.event.ApplicationEventsTestExecutionListener, org.springframework.test.context.support.DependencyInjectionTestExecutionListener, org.springframework.test.context.support.DirtiesContextTestExecutionListener, org.springframework.test.context.transaction.TransactionalTestExecutionListener, org.springframework.test.context.jdbc.SqlScriptsTestExecutionListener, org.springframework.test.context.event.EventPublishingTestExecutionListener]
2022-12-14 10:20:56.890  INFO 28324 --- [    Test worker] .b.t.c.SpringBootTestContextBootstrapper : Using TestExecutionListeners: [org.springframework.test.context.support.DirtiesContextBeforeModesTestExecutionListener@7ddeb27f, org.springframework.test.context.event.ApplicationEventsTestExecutionListener@38087342, org.springframework.boot.test.mock.mockito.MockitoTestExecutionListener@681de87f, org.springframework.boot.test.autoconfigure.SpringBootDependencyInjectionTestExecutionListener@2eb1c615, org.springframework.test.context.support.DirtiesContextTestExecutionListener@2674d4f6, org.springframework.test.context.transaction.TransactionalTestExecutionListener@5d9d2119, org.springframework.test.context.jdbc.SqlScriptsTestExecutionListener@5a4464c5, org.springframework.test.context.event.EventPublishingTestExecutionListener@7ae590f6, org.springframework.boot.test.autoconfigure.restdocs.RestDocsTestExecutionListener@7ab63838, org.springframework.boot.test.autoconfigure.web.client.MockRestServiceServerResetTestExecutionListener@4e974b9e, org.springframework.boot.test.autoconfigure.web.servlet.MockMvcPrintOnlyOnFailureTestExecutionListener@370c7cc5, org.springframework.boot.test.autoconfigure.web.servlet.WebDriverTestExecutionListener@61b838f2, org.springframework.boot.test.autoconfigure.webservices.client.MockWebServiceServerTestExecutionListener@2a04ab05, org.springframework.boot.test.mock.mockito.ResetMocksTestExecutionListener@5ebbde60]

  .   ____          _            __ _ _
 /\\ / ___'_ __ _ _(_)_ __  __ _ \ \ \ \
( ( )\___ | '_ | '_| | '_ \/ _` | \ \ \ \
 \\/  ___)| |_)| | | | | || (_| |  ) ) ) )
  '  |____| .__|_| |_|_| |_\__, | / / / /
 =========|_|==============|___/=/_/_/_/
 :: Spring Boot ::                (v2.7.5)

2022-12-14 10:20:56.932  INFO 28324 --- [    Test worker] c.h.jdbc1.service.MemberServiceV4Test    : Starting MemberServiceV4Test using Java 11.0.11 on MacBookPro-ej.local with PID 28324 (started by eejj in /Users/eejj/IdeaProjects/jdbc-study/jdbc1)
2022-12-14 10:20:56.932  INFO 28324 --- [    Test worker] c.h.jdbc1.service.MemberServiceV4Test    : No active profile set, falling back to 1 default profile: "default"
2022-12-14 10:20:57.265  INFO 28324 --- [    Test worker] c.h.jdbc1.service.MemberServiceV4Test    : Started MemberServiceV4Test in 0.372 seconds (JVM running for 10.374)
2022-12-14 10:20:57.277  INFO 28324 --- [    Test worker] com.zaxxer.hikari.HikariDataSource       : HikariPool-3 - Starting...
2022-12-14 10:20:57.318  INFO 28324 --- [    Test worker] com.zaxxer.hikari.HikariDataSource       : HikariPool-3 - Start completed.
2022-12-14 10:20:57.358  INFO 28324 --- [    Test worker] c.h.jdbc1.service.MemberServiceV4Test    : memberService class=class com.hello.jdbc1.service.MemberServiceV4$$EnhancerBySpringCGLIB$$15fabee4
2022-12-14 10:20:57.358  INFO 28324 --- [    Test worker] c.h.jdbc1.service.MemberServiceV4Test    : memberRepository class=class com.hello.jdbc1.repository.MemberRepositoryV5
2022-12-14 10:20:57.368  INFO 28324 --- [    Test worker] c.h.jdbc1.service.MemberServiceV4Test    : TX BEGIN
2022-12-14 10:20:57.399  INFO 28324 --- [    Test worker] c.h.jdbc1.service.MemberServiceV4Test    : TX END
2022-12-14 10:20:57.436  INFO 28324 --- [    Test worker] c.h.jdbc1.service.MemberServiceV4Test    : TX BEGIN
2022-12-14 10:20:57.447  INFO 28324 --- [    Test worker] c.h.jdbc1.service.MemberServiceV4Test    : TX END
]]></system-out>
  <system-err><![CDATA[]]></system-err>
</testsuite>
